[38;5;8m2023-01-10 20:31:59[0m [I] [38;5;78;1mapp[0m [38;5;15;1mKoishi/4.11.1[0m
[38;5;8m2023-01-10 20:31:59[0m [I] [38;5;78;1mapp[0m apply plugin [38;5;78mgroup:entry[0m
[38;5;8m2023-01-10 20:31:59[0m [I] [38;5;78;1mapp[0m apply plugin [38;5;78mgroup:basic[0m
[38;5;8m2023-01-10 20:31:59[0m [I] [38;5;78;1mapp[0m apply plugin [38;5;78mrate-limit[0m
[38;5;8m2023-01-10 20:31:59[0m [I] [38;5;78;1mapp[0m apply plugin [38;5;78mhelp[0m
[38;5;8m2023-01-10 20:32:00[0m [I] [38;5;78;1mapp[0m apply plugin [38;5;78mlocales[0m
[38;5;8m2023-01-10 20:32:00[0m [I] [38;5;78;1mapp[0m apply plugin [38;5;78manalytics[0m
[38;5;8m2023-01-10 20:32:00[0m [I] [38;5;78;1mapp[0m apply plugin [38;5;78mgroup:console[0m
[38;5;8m2023-01-10 20:32:00[0m [I] [38;5;78;1mapp[0m apply plugin [38;5;78mcommands[0m
[38;5;8m2023-01-10 20:32:00[0m [I] [38;5;78;1mapp[0m apply plugin [38;5;78mconsole[0m
[38;5;8m2023-01-10 20:32:00[0m [I] [38;5;78;1mapp[0m apply plugin [38;5;78mlogger[0m
[38;5;8m2023-01-10 20:32:00[0m [I] [38;5;78;1mapp[0m apply plugin [38;5;78mdataview[0m
[38;5;8m2023-01-10 20:32:01[0m [I] [38;5;78;1mapp[0m apply plugin [38;5;78mmarket[0m
[38;5;8m2023-01-10 20:32:02[0m [I] [38;5;78;1mapp[0m apply plugin [38;5;78msandbox[0m
[38;5;8m2023-01-10 20:32:02[0m [I] [38;5;78;1mapp[0m apply plugin [38;5;78mstatus[0m
[38;5;8m2023-01-10 20:32:02[0m [I] [38;5;78;1mapp[0m apply plugin [38;5;78mdatabase-sqlite[0m
[38;5;8m2023-01-10 20:32:02[0m [I] [38;5;78;1mapp[0m apply plugin [38;5;78massets-local[0m
[38;5;8m2023-01-10 20:32:02[0m [I] [38;5;78;1mapp[0m apply plugin [38;5;78mgroup:adapter[0m
[38;5;8m2023-01-10 20:32:02[0m [I] [38;5;78;1mapp[0m apply plugin [38;5;78mgocqhttp[0m
[38;5;8m2023-01-10 20:32:02[0m [I] [38;5;78;1mapp[0m apply plugin [38;5;78mgroup:database[0m
[38;5;8m2023-01-10 20:32:03[0m [I] [38;5;78;1mapp[0m server listening at [38;5;78mhttp://localhost:5140[0m
[38;5;8m2023-01-10 20:32:02[0m [W] [38;5;204;1massets[0m missing configuration "selfUrl", fallback to "file:" scheme
[38;5;8m2023-01-10 20:32:01[0m [I] [38;5;78;1mapp[0m apply plugin [38;5;78minsight[0m
[38;5;8m2023-01-10 20:32:12[0m [W] [38;5;178;1mmarket[0m timeout of 5000ms exceeded
[38;5;8m2023-01-10 20:32:12[0m [W] [38;5;178;1mmarket[0m timeout of 5000ms exceeded
[38;5;8m2023-01-10 20:32:12[0m [W] [38;5;178;1mmarket[0m timeout of 5000ms exceeded
[38;5;8m2023-01-10 20:32:12[0m [W] [38;5;178;1mmarket[0m timeout of 5000ms exceeded
[38;5;8m2023-01-10 20:32:12[0m [W] [38;5;178;1mmarket[0m timeout of 5000ms exceeded
[38;5;8m2023-01-10 20:32:12[0m [W] [38;5;178;1mmarket[0m timeout of 5000ms exceeded
[38;5;8m2023-01-10 20:32:13[0m [W] [38;5;178;1mmarket[0m aborted
[38;5;8m2023-01-10 20:39:40[0m [I] [38;5;78;1mapp[0m [38;5;15;1mKoishi/4.11.1[0m
[38;5;8m2023-01-10 20:39:41[0m [I] [38;5;78;1mapp[0m apply plugin [38;5;78mgroup:entry[0m
[38;5;8m2023-01-10 20:39:41[0m [I] [38;5;78;1mapp[0m apply plugin [38;5;78mgroup:basic[0m
[38;5;8m2023-01-10 20:39:41[0m [I] [38;5;78;1mapp[0m apply plugin [38;5;78mhelp[0m
[38;5;8m2023-01-10 20:39:41[0m [I] [38;5;78;1mapp[0m apply plugin [38;5;78mrate-limit[0m
[38;5;8m2023-01-10 20:39:41[0m [I] [38;5;78;1mapp[0m apply plugin [38;5;78mlocales[0m
[38;5;8m2023-01-10 20:39:41[0m [I] [38;5;78;1mapp[0m apply plugin [38;5;78mcommands[0m
[38;5;8m2023-01-10 20:39:41[0m [I] [38;5;78;1mapp[0m apply plugin [38;5;78mgroup:console[0m
[38;5;8m2023-01-10 20:39:41[0m [I] [38;5;78;1mapp[0m apply plugin [38;5;78manalytics[0m
[38;5;8m2023-01-10 20:39:41[0m [I] [38;5;78;1mapp[0m apply plugin [38;5;78mconsole[0m
[38;5;8m2023-01-10 20:39:41[0m [I] [38;5;78;1mapp[0m apply plugin [38;5;78mdataview[0m
[38;5;8m2023-01-10 20:39:41[0m [I] [38;5;78;1mapp[0m apply plugin [38;5;78minsight[0m
[38;5;8m2023-01-10 20:39:41[0m [I] [38;5;78;1mapp[0m apply plugin [38;5;78mlogger[0m
[38;5;8m2023-01-10 20:39:41[0m [I] [38;5;78;1mapp[0m apply plugin [38;5;78mmarket[0m
[38;5;8m2023-01-10 20:39:41[0m [I] [38;5;78;1mapp[0m apply plugin [38;5;78mstatus[0m
[38;5;8m2023-01-10 20:39:41[0m [I] [38;5;78;1mapp[0m apply plugin [38;5;78msandbox[0m
[38;5;8m2023-01-10 20:39:41[0m [I] [38;5;78;1mapp[0m apply plugin [38;5;78mdatabase-sqlite[0m
[38;5;8m2023-01-10 20:39:41[0m [I] [38;5;78;1mapp[0m apply plugin [38;5;78mgroup:database[0m
[38;5;8m2023-01-10 20:39:42[0m [I] [38;5;78;1mapp[0m apply plugin [38;5;78mgroup:adapter[0m
[38;5;8m2023-01-10 20:39:42[0m [I] [38;5;78;1mapp[0m apply plugin [38;5;78massets-local[0m
[38;5;8m2023-01-10 20:39:42[0m [I] [38;5;78;1mapp[0m apply plugin [38;5;78mgocqhttp[0m
[38;5;8m2023-01-10 20:39:42[0m [W] [38;5;204;1massets[0m missing configuration "selfUrl", fallback to "file:" scheme
[38;5;8m2023-01-10 20:39:42[0m [I] [38;5;78;1mapp[0m server listening at [38;5;78mhttp://localhost:5140[0m
[38;5;8m2023-01-10 20:42:35[0m [I] [38;5;78;1mapp[0m [38;5;15;1mKoishi/4.11.1[0m
[38;5;8m2023-01-10 20:42:36[0m [I] [38;5;78;1mapp[0m apply plugin [38;5;78mgroup:basic[0m
[38;5;8m2023-01-10 20:42:36[0m [I] [38;5;78;1mapp[0m apply plugin [38;5;78mgroup:entry[0m
[38;5;8m2023-01-10 20:42:36[0m [I] [38;5;78;1mapp[0m apply plugin [38;5;78mhelp[0m
[38;5;8m2023-01-10 20:42:36[0m [I] [38;5;78;1mapp[0m apply plugin [38;5;78mlocales[0m
[38;5;8m2023-01-10 20:42:36[0m [I] [38;5;78;1mapp[0m apply plugin [38;5;78mcommands[0m
[38;5;8m2023-01-10 20:42:36[0m [I] [38;5;78;1mapp[0m apply plugin [38;5;78mrate-limit[0m
[38;5;8m2023-01-10 20:42:36[0m [I] [38;5;78;1mapp[0m apply plugin [38;5;78mgroup:console[0m
[38;5;8m2023-01-10 20:42:36[0m [I] [38;5;78;1mapp[0m apply plugin [38;5;78manalytics[0m
[38;5;8m2023-01-10 20:42:37[0m [I] [38;5;78;1mapp[0m apply plugin [38;5;78mlogger[0m
[38;5;8m2023-01-10 20:42:37[0m [I] [38;5;78;1mapp[0m apply plugin [38;5;78mdataview[0m
[38;5;8m2023-01-10 20:42:37[0m [I] [38;5;78;1mapp[0m apply plugin [38;5;78minsight[0m
[38;5;8m2023-01-10 20:42:37[0m [I] [38;5;78;1mapp[0m apply plugin [38;5;78mconsole[0m
[38;5;8m2023-01-10 20:42:37[0m [I] [38;5;78;1mapp[0m apply plugin [38;5;78mmarket[0m
[38;5;8m2023-01-10 20:42:39[0m [I] [38;5;78;1mapp[0m apply plugin [38;5;78mdatabase-sqlite[0m
[38;5;8m2023-01-10 20:42:38[0m [I] [38;5;78;1mapp[0m apply plugin [38;5;78mstatus[0m
[38;5;8m2023-01-10 20:42:39[0m [I] [38;5;78;1mapp[0m apply plugin [38;5;78mgroup:database[0m
[38;5;8m2023-01-10 20:42:38[0m [I] [38;5;78;1mapp[0m apply plugin [38;5;78msandbox[0m
[38;5;8m2023-01-10 20:42:39[0m [I] [38;5;78;1mapp[0m apply plugin [38;5;78massets-local[0m
[38;5;8m2023-01-10 20:42:39[0m [I] [38;5;78;1mapp[0m apply plugin [38;5;78mgroup:adapter[0m
[38;5;8m2023-01-10 20:42:40[0m [W] [38;5;204;1massets[0m missing configuration "selfUrl", fallback to "file:" scheme
[38;5;8m2023-01-10 20:42:39[0m [I] [38;5;78;1mapp[0m apply plugin [38;5;78mgocqhttp[0m
[38;5;8m2023-01-10 20:42:40[0m [I] [38;5;78;1mapp[0m server listening at [38;5;78mhttp://localhost:5140[0m
[38;5;8m2023-01-10 20:42:51[0m [W] [38;5;178;1mmarket[0m aborted
[38;5;8m2023-01-10 20:46:08[0m [I] [38;5;78;1mapp[0m apply plugin [38;5;78mgroup:custom[0m
[38;5;8m2023-01-10 20:46:08[0m [I] [38;5;78;1mapp[0m apply plugin [38;5;78mdrift-bottle[0m
[38;5;8m2023-01-10 20:48:42[0m [I] [38;5;167;1mwatch[0m reload plugin at [38;5;167mplugins\drift-bottle\src\index.ts[0m
[38;5;8m2023-01-10 20:50:28[0m [I] [38;5;167;1mwatch[0m reload plugin at [38;5;167mplugins\drift-bottle\src\index.ts[0m
[38;5;8m2023-01-10 20:50:52[0m [I] [38;5;167;1mwatch[0m reload plugin at [38;5;167mplugins\drift-bottle\src\index.ts[0m
[38;5;8m2023-01-10 20:51:11[0m [I] [38;5;167;1mwatch[0m reload plugin at [38;5;167mplugins\drift-bottle\src\index.ts[0m
[38;5;8m2023-01-10 20:53:16[0m [I] [38;5;167;1mwatch[0m reload plugin at [38;5;167mplugins\drift-bottle\src\index.ts[0m
[38;5;8m2023-01-10 20:54:50[0m [I] [38;5;167;1mwatch[0m reload plugin at [38;5;167mplugins\drift-bottle\src\index.ts[0m
